[2020-12-30 02:59:37Z INFO HostContext] No proxy settings were found based on environmental variables (http_proxy/https_proxy/HTTP_PROXY/HTTPS_PROXY)
[2020-12-30 02:59:37Z INFO HostContext] Well known directory 'Bin': 'E:\vscodes\USTC-ncov-AutoReport\actions-runner\bin'
[2020-12-30 02:59:37Z INFO HostContext] Well known directory 'Root': 'E:\vscodes\USTC-ncov-AutoReport\actions-runner'
[2020-12-30 02:59:37Z INFO HostContext] Well known config file 'Credentials': 'E:\vscodes\USTC-ncov-AutoReport\actions-runner\.credentials'
[2020-12-30 02:59:37Z INFO Listener] Runner is built for Windows (X64) - win-x64.
[2020-12-30 02:59:37Z INFO Listener] RuntimeInformation: Microsoft Windows 10.0.19041.
[2020-12-30 02:59:38Z INFO Listener] Version: 2.275.1
[2020-12-30 02:59:38Z INFO Listener] Commit: de955418e4e8e0c51546a8495d9236f24edc1321
[2020-12-30 02:59:38Z INFO Listener] Culture: zh-CN
[2020-12-30 02:59:38Z INFO Listener] UI Culture: zh-CN
[2020-12-30 02:59:38Z INFO HostContext] Well known directory 'Bin': 'E:\vscodes\USTC-ncov-AutoReport\actions-runner\bin'
[2020-12-30 02:59:38Z INFO HostContext] Well known directory 'Root': 'E:\vscodes\USTC-ncov-AutoReport\actions-runner'
[2020-12-30 02:59:38Z INFO Listener] Validating directory permissions for: 'E:\vscodes\USTC-ncov-AutoReport\actions-runner'
[2020-12-30 02:59:38Z INFO CommandLineParser] Parse
[2020-12-30 02:59:38Z INFO CommandLineParser] Parsing 5 args
[2020-12-30 02:59:38Z INFO CommandLineParser] parsing argument
[2020-12-30 02:59:38Z INFO CommandLineParser] HasArgs: False
[2020-12-30 02:59:38Z INFO CommandLineParser] Adding Command: configure
[2020-12-30 02:59:38Z INFO CommandLineParser] parsing argument
[2020-12-30 02:59:38Z INFO CommandLineParser] HasArgs: True
[2020-12-30 02:59:38Z INFO CommandLineParser] arg: url
[2020-12-30 02:59:38Z INFO CommandLineParser] parsing argument
[2020-12-30 02:59:38Z INFO CommandLineParser] HasArgs: True
[2020-12-30 02:59:38Z INFO CommandLineParser] Adding option 'url': 'https://github.com/TaoYang-z/USTC-ncov-AutoReport'
[2020-12-30 02:59:38Z INFO CommandLineParser] parsing argument
[2020-12-30 02:59:38Z INFO CommandLineParser] HasArgs: True
[2020-12-30 02:59:38Z INFO CommandLineParser] arg: token
[2020-12-30 02:59:38Z INFO CommandLineParser] parsing argument
[2020-12-30 02:59:38Z INFO CommandLineParser] HasArgs: True
[2020-12-30 02:59:38Z INFO CommandLineParser] Adding option 'token': '***'
[2020-12-30 02:59:38Z INFO Listener] Arguments parsed
[2020-12-30 02:59:38Z INFO Runner] ExecuteCommand
[2020-12-30 02:59:38Z INFO ConfigurationStore] currentAssemblyLocation: E:\vscodes\USTC-ncov-AutoReport\actions-runner\bin\Runner.Listener.dll
[2020-12-30 02:59:38Z INFO HostContext] Well known directory 'Bin': 'E:\vscodes\USTC-ncov-AutoReport\actions-runner\bin'
[2020-12-30 02:59:38Z INFO ConfigurationStore] binPath: E:\vscodes\USTC-ncov-AutoReport\actions-runner\bin
[2020-12-30 02:59:38Z INFO HostContext] Well known directory 'Bin': 'E:\vscodes\USTC-ncov-AutoReport\actions-runner\bin'
[2020-12-30 02:59:38Z INFO HostContext] Well known directory 'Root': 'E:\vscodes\USTC-ncov-AutoReport\actions-runner'
[2020-12-30 02:59:38Z INFO ConfigurationStore] RootFolder: E:\vscodes\USTC-ncov-AutoReport\actions-runner
[2020-12-30 02:59:38Z INFO HostContext] Well known directory 'Bin': 'E:\vscodes\USTC-ncov-AutoReport\actions-runner\bin'
[2020-12-30 02:59:38Z INFO HostContext] Well known directory 'Root': 'E:\vscodes\USTC-ncov-AutoReport\actions-runner'
[2020-12-30 02:59:38Z INFO HostContext] Well known config file 'Runner': 'E:\vscodes\USTC-ncov-AutoReport\actions-runner\.runner'
[2020-12-30 02:59:38Z INFO ConfigurationStore] ConfigFilePath: E:\vscodes\USTC-ncov-AutoReport\actions-runner\.runner
[2020-12-30 02:59:38Z INFO HostContext] Well known directory 'Bin': 'E:\vscodes\USTC-ncov-AutoReport\actions-runner\bin'
[2020-12-30 02:59:38Z INFO HostContext] Well known directory 'Root': 'E:\vscodes\USTC-ncov-AutoReport\actions-runner'
[2020-12-30 02:59:38Z INFO HostContext] Well known config file 'Credentials': 'E:\vscodes\USTC-ncov-AutoReport\actions-runner\.credentials'
[2020-12-30 02:59:38Z INFO ConfigurationStore] CredFilePath: E:\vscodes\USTC-ncov-AutoReport\actions-runner\.credentials
[2020-12-30 02:59:38Z INFO HostContext] Well known directory 'Bin': 'E:\vscodes\USTC-ncov-AutoReport\actions-runner\bin'
[2020-12-30 02:59:38Z INFO HostContext] Well known directory 'Root': 'E:\vscodes\USTC-ncov-AutoReport\actions-runner'
[2020-12-30 02:59:38Z INFO HostContext] Well known config file 'MigratedCredentials': 'E:\vscodes\USTC-ncov-AutoReport\actions-runner\.credentials_migrated'
[2020-12-30 02:59:38Z INFO ConfigurationStore] MigratedCredFilePath: E:\vscodes\USTC-ncov-AutoReport\actions-runner\.credentials_migrated
[2020-12-30 02:59:38Z INFO HostContext] Well known directory 'Bin': 'E:\vscodes\USTC-ncov-AutoReport\actions-runner\bin'
[2020-12-30 02:59:38Z INFO HostContext] Well known directory 'Root': 'E:\vscodes\USTC-ncov-AutoReport\actions-runner'
[2020-12-30 02:59:38Z INFO HostContext] Well known config file 'Service': 'E:\vscodes\USTC-ncov-AutoReport\actions-runner\.service'
[2020-12-30 02:59:38Z INFO ConfigurationStore] ServiceConfigFilePath: E:\vscodes\USTC-ncov-AutoReport\actions-runner\.service
[2020-12-30 02:59:38Z INFO CommandSettings] Flag 'help': 'False'
[2020-12-30 02:59:38Z INFO CommandSettings] Flag 'version': 'False'
[2020-12-30 02:59:38Z INFO CommandSettings] Flag 'commit': 'False'
[2020-12-30 02:59:38Z INFO CommandSettings] Command 'configure': 'True'
[2020-12-30 02:59:38Z INFO Terminal] WRITE LINE: 
[2020-12-30 02:59:38Z INFO Terminal] WRITE LINE: --------------------------------------------------------------------------------
[2020-12-30 02:59:38Z INFO Terminal] WRITE LINE: |        ____ _ _   _   _       _          _        _   _                      |
[2020-12-30 02:59:38Z INFO Terminal] WRITE LINE: |       / ___(_) |_| | | |_   _| |__      / \   ___| |_(_) ___  _ __  ___      |
[2020-12-30 02:59:38Z INFO Terminal] WRITE LINE: |      | |  _| | __| |_| | | | | '_ \    / _ \ / __| __| |/ _ \| '_ \/ __|     |
[2020-12-30 02:59:38Z INFO Terminal] WRITE LINE: |      | |_| | | |_|  _  | |_| | |_) |  / ___ \ (__| |_| | (_) | | | \__ \     |
[2020-12-30 02:59:38Z INFO Terminal] WRITE LINE: |       \____|_|\__|_| |_|\__,_|_.__/  /_/   \_\___|\__|_|\___/|_| |_|___/     |
[2020-12-30 02:59:38Z INFO Terminal] WRITE LINE: |                                                                              |
[2020-12-30 02:59:38Z INFO Terminal] WRITE: |                       
[2020-12-30 02:59:38Z INFO Terminal] WRITE: Self-hosted runner registration
[2020-12-30 02:59:38Z INFO Terminal] WRITE LINE:                         |
[2020-12-30 02:59:38Z INFO Terminal] WRITE LINE: |                                                                              |
[2020-12-30 02:59:38Z INFO Terminal] WRITE LINE: --------------------------------------------------------------------------------
[2020-12-30 02:59:38Z INFO ConfigurationManager] ConfigureAsync
[2020-12-30 02:59:38Z INFO ConfigurationStore] IsConfigured()
[2020-12-30 02:59:38Z INFO ConfigurationStore] IsConfigured: True
[2020-12-30 02:59:38Z INFO ConfigurationManager] Is configured: True
[2020-12-30 02:59:38Z ERR  Runner] System.InvalidOperationException: Cannot configure the runner because it is already configured. To reconfigure the runner, run 'config.cmd remove' or './config.sh remove' first.
   at GitHub.Runner.Listener.Configuration.ConfigurationManager.ConfigureAsync(CommandSettings command)
   at GitHub.Runner.Listener.Runner.ExecuteCommand(CommandSettings command)
[2020-12-30 02:59:38Z ERR  Terminal] WRITE ERROR: Cannot configure the runner because it is already configured. To reconfigure the runner, run 'config.cmd remove' or './config.sh remove' first.
[2020-12-30 02:59:38Z INFO Listener] Runner execution has finished with return code 1
