[2020-12-30 02:59:46Z INFO HostContext] No proxy settings were found based on environmental variables (http_proxy/https_proxy/HTTP_PROXY/HTTPS_PROXY)
[2020-12-30 02:59:46Z INFO HostContext] Well known directory 'Bin': 'E:\vscodes\USTC-ncov-AutoReport\actions-runner\bin'
[2020-12-30 02:59:46Z INFO HostContext] Well known directory 'Root': 'E:\vscodes\USTC-ncov-AutoReport\actions-runner'
[2020-12-30 02:59:46Z INFO HostContext] Well known config file 'Credentials': 'E:\vscodes\USTC-ncov-AutoReport\actions-runner\.credentials'
[2020-12-30 02:59:46Z INFO Listener] Runner is built for Windows (X64) - win-x64.
[2020-12-30 02:59:46Z INFO Listener] RuntimeInformation: Microsoft Windows 10.0.19041.
[2020-12-30 02:59:46Z INFO Listener] Version: 2.275.1
[2020-12-30 02:59:46Z INFO Listener] Commit: de955418e4e8e0c51546a8495d9236f24edc1321
[2020-12-30 02:59:46Z INFO Listener] Culture: zh-CN
[2020-12-30 02:59:46Z INFO Listener] UI Culture: zh-CN
[2020-12-30 02:59:46Z INFO HostContext] Well known directory 'Bin': 'E:\vscodes\USTC-ncov-AutoReport\actions-runner\bin'
[2020-12-30 02:59:46Z INFO HostContext] Well known directory 'Root': 'E:\vscodes\USTC-ncov-AutoReport\actions-runner'
[2020-12-30 02:59:46Z INFO Listener] Validating directory permissions for: 'E:\vscodes\USTC-ncov-AutoReport\actions-runner'
[2020-12-30 02:59:46Z INFO CommandLineParser] Parse
[2020-12-30 02:59:46Z INFO CommandLineParser] Parsing 1 args
[2020-12-30 02:59:46Z INFO CommandLineParser] parsing argument
[2020-12-30 02:59:46Z INFO CommandLineParser] HasArgs: False
[2020-12-30 02:59:46Z INFO CommandLineParser] Adding Command: run
[2020-12-30 02:59:46Z INFO Listener] Arguments parsed
[2020-12-30 02:59:46Z INFO Runner] ExecuteCommand
[2020-12-30 02:59:46Z INFO ConfigurationStore] currentAssemblyLocation: E:\vscodes\USTC-ncov-AutoReport\actions-runner\bin\Runner.Listener.dll
[2020-12-30 02:59:46Z INFO HostContext] Well known directory 'Bin': 'E:\vscodes\USTC-ncov-AutoReport\actions-runner\bin'
[2020-12-30 02:59:46Z INFO ConfigurationStore] binPath: E:\vscodes\USTC-ncov-AutoReport\actions-runner\bin
[2020-12-30 02:59:46Z INFO HostContext] Well known directory 'Bin': 'E:\vscodes\USTC-ncov-AutoReport\actions-runner\bin'
[2020-12-30 02:59:46Z INFO HostContext] Well known directory 'Root': 'E:\vscodes\USTC-ncov-AutoReport\actions-runner'
[2020-12-30 02:59:46Z INFO ConfigurationStore] RootFolder: E:\vscodes\USTC-ncov-AutoReport\actions-runner
[2020-12-30 02:59:46Z INFO HostContext] Well known directory 'Bin': 'E:\vscodes\USTC-ncov-AutoReport\actions-runner\bin'
[2020-12-30 02:59:46Z INFO HostContext] Well known directory 'Root': 'E:\vscodes\USTC-ncov-AutoReport\actions-runner'
[2020-12-30 02:59:46Z INFO HostContext] Well known config file 'Runner': 'E:\vscodes\USTC-ncov-AutoReport\actions-runner\.runner'
[2020-12-30 02:59:46Z INFO ConfigurationStore] ConfigFilePath: E:\vscodes\USTC-ncov-AutoReport\actions-runner\.runner
[2020-12-30 02:59:46Z INFO HostContext] Well known directory 'Bin': 'E:\vscodes\USTC-ncov-AutoReport\actions-runner\bin'
[2020-12-30 02:59:46Z INFO HostContext] Well known directory 'Root': 'E:\vscodes\USTC-ncov-AutoReport\actions-runner'
[2020-12-30 02:59:46Z INFO HostContext] Well known config file 'Credentials': 'E:\vscodes\USTC-ncov-AutoReport\actions-runner\.credentials'
[2020-12-30 02:59:46Z INFO ConfigurationStore] CredFilePath: E:\vscodes\USTC-ncov-AutoReport\actions-runner\.credentials
[2020-12-30 02:59:46Z INFO HostContext] Well known directory 'Bin': 'E:\vscodes\USTC-ncov-AutoReport\actions-runner\bin'
[2020-12-30 02:59:46Z INFO HostContext] Well known directory 'Root': 'E:\vscodes\USTC-ncov-AutoReport\actions-runner'
[2020-12-30 02:59:46Z INFO HostContext] Well known config file 'MigratedCredentials': 'E:\vscodes\USTC-ncov-AutoReport\actions-runner\.credentials_migrated'
[2020-12-30 02:59:46Z INFO ConfigurationStore] MigratedCredFilePath: E:\vscodes\USTC-ncov-AutoReport\actions-runner\.credentials_migrated
[2020-12-30 02:59:46Z INFO HostContext] Well known directory 'Bin': 'E:\vscodes\USTC-ncov-AutoReport\actions-runner\bin'
[2020-12-30 02:59:46Z INFO HostContext] Well known directory 'Root': 'E:\vscodes\USTC-ncov-AutoReport\actions-runner'
[2020-12-30 02:59:46Z INFO HostContext] Well known config file 'Service': 'E:\vscodes\USTC-ncov-AutoReport\actions-runner\.service'
[2020-12-30 02:59:46Z INFO ConfigurationStore] ServiceConfigFilePath: E:\vscodes\USTC-ncov-AutoReport\actions-runner\.service
[2020-12-30 02:59:46Z INFO CommandSettings] Flag 'help': 'False'
[2020-12-30 02:59:46Z INFO CommandSettings] Flag 'version': 'False'
[2020-12-30 02:59:46Z INFO CommandSettings] Flag 'commit': 'False'
[2020-12-30 02:59:46Z INFO CommandSettings] Command 'configure': 'False'
[2020-12-30 02:59:46Z INFO CommandSettings] Command 'remove': 'False'
[2020-12-30 02:59:46Z INFO CommandSettings] Command 'warmup': 'False'
[2020-12-30 02:59:46Z INFO ConfigurationManager] LoadSettings
[2020-12-30 02:59:46Z INFO ConfigurationStore] IsConfigured()
[2020-12-30 02:59:46Z INFO ConfigurationStore] IsConfigured: True
[2020-12-30 02:59:46Z INFO ConfigurationManager] Is configured: True
[2020-12-30 02:59:46Z INFO ConfigurationStore] Read setting file: 304 chars
[2020-12-30 02:59:46Z INFO ConfigurationManager] Settings Loaded
[2020-12-30 02:59:46Z INFO ConfigurationStore] IsServiceConfigured()
[2020-12-30 02:59:46Z INFO ConfigurationStore] IsServiceConfigured: False
[2020-12-30 02:59:46Z INFO CommandSettings] Command 'run': 'True'
[2020-12-30 02:59:46Z INFO ConfigurationStore] IsConfigured()
[2020-12-30 02:59:46Z INFO ConfigurationStore] IsConfigured: True
[2020-12-30 02:59:46Z INFO ConfigurationManager] Is configured: True
[2020-12-30 02:59:46Z INFO Runner] Could not parse the argument value '' for StartupType. Defaulting to Manual
[2020-12-30 02:59:46Z INFO Runner] Set runner startup type - Manual
[2020-12-30 02:59:46Z INFO CommandSettings] Flag 'once': 'False'
[2020-12-30 02:59:46Z INFO Runner] RunAsync
[2020-12-30 02:59:46Z INFO ConfigurationManager] LoadSettings
[2020-12-30 02:59:46Z INFO ConfigurationStore] IsConfigured()
[2020-12-30 02:59:46Z INFO ConfigurationStore] IsConfigured: True
[2020-12-30 02:59:46Z INFO ConfigurationManager] Is configured: True
[2020-12-30 02:59:46Z INFO ConfigurationManager] Settings Loaded
[2020-12-30 02:59:46Z INFO MessageListener] {
  "AgentId": 2,
  "AgentName": "LAPTOP-YT",
  "PoolId": 1,
  "PoolName": "Default",
  "ServerUrl": "https://pipelines.actions.githubusercontent.com/AAktnS9vKxQ1tJPD85GxdcCjO8bcgeYVtpOvjKGa1hcu7GjNIX",
  "GitHubUrl": "https://github.com/TaoYang-z/USTC-ncov-AutoReport",
  "WorkFolder": "_work"
}
[2020-12-30 02:59:46Z INFO MessageListener] Loading Credentials
[2020-12-30 02:59:46Z INFO ConfigurationStore] HasCredentials()
[2020-12-30 02:59:46Z INFO ConfigurationStore] stored True
[2020-12-30 02:59:46Z INFO CredentialManager] GetCredentialProvider
[2020-12-30 02:59:46Z INFO CredentialManager] Creating type OAuth
[2020-12-30 02:59:46Z INFO CredentialManager] Creating credential type: OAuth
[2020-12-30 02:59:46Z INFO HostContext] Well known directory 'Bin': 'E:\vscodes\USTC-ncov-AutoReport\actions-runner\bin'
[2020-12-30 02:59:46Z INFO HostContext] Well known directory 'Root': 'E:\vscodes\USTC-ncov-AutoReport\actions-runner'
[2020-12-30 02:59:46Z INFO HostContext] Well known config file 'RSACredentials': 'E:\vscodes\USTC-ncov-AutoReport\actions-runner\.credentials_rsaparams'
[2020-12-30 02:59:46Z INFO RSAEncryptedFileKeyManager] Loading RSA key parameters from file E:\vscodes\USTC-ncov-AutoReport\actions-runner\.credentials_rsaparams
[2020-12-30 02:59:46Z INFO MessageListener] Attempt to create session.
[2020-12-30 02:59:46Z INFO MessageListener] Connecting to the Runner Server...
[2020-12-30 02:59:46Z INFO RunnerServer] Establish connection with 100 seconds timeout.
[2020-12-30 02:59:46Z INFO GitHubActionsService] Starting operation Location.GetConnectionData
[2020-12-30 02:59:46Z INFO RunnerServer] Establish connection with 60 seconds timeout.
[2020-12-30 02:59:46Z INFO GitHubActionsService] Starting operation Location.GetConnectionData
[2020-12-30 02:59:46Z INFO RunnerServer] Establish connection with 60 seconds timeout.
[2020-12-30 02:59:46Z INFO GitHubActionsService] Starting operation Location.GetConnectionData
[2020-12-30 02:59:47Z INFO GitHubActionsService] Finished operation Location.GetConnectionData
[2020-12-30 02:59:47Z INFO GitHubActionsService] Finished operation Location.GetConnectionData
[2020-12-30 02:59:47Z INFO GitHubActionsService] Finished operation Location.GetConnectionData
[2020-12-30 02:59:47Z INFO GitHubActionsService] Starting operation Location.GetConnectionData
[2020-12-30 02:59:48Z INFO GitHubActionsService] Finished operation Location.GetConnectionData
[2020-12-30 02:59:48Z INFO MessageListener] VssConnection created
[2020-12-30 02:59:48Z INFO Terminal] WRITE LINE: 
[2020-12-30 02:59:48Z INFO Terminal] WRITE LINE: 
[2020-12-30 02:59:48Z WARN GitHubActionsService] Authentication failed with status code 401.
Transfer-Encoding: chunked
WWW-Authenticate: Bearer
Strict-Transport-Security: max-age=2592000
X-TFS-ProcessId: b1eafa1f-926b-471d-a3ff-aad9177914d0
ActivityId: 6890ca99-fe22-484f-8a9e-8acfbc45dccc
X-TFS-Session: a2d4f829-4a01-499e-b7ba-c87a20072f86
X-VSS-E2EID: b2ac2f6b-7103-4e1c-ad13-4bc76e0d668e
X-VSS-SenderDeploymentId: 13a19993-c6bc-326c-afb4-32c5519f46f0
X-TFS-ServiceError: The+user+%27System%3aPublicAccess%3baaaaaaaa-aaaa-aaaa-aaaa-aaaaaaaaaaaa%27+is+not+authorized+to+access+this+resource.
X-VSS-S2STargetService: 0000005A-0000-8888-8000-000000000000/visualstudio.com
X-MSEdge-Ref: Ref A: B5A45E3C839B42C894836696E867BE11 Ref B: HKG30EDGE0321 Ref C: 2020-12-30T02:59:47Z
Date: Wed, 30 Dec 2020 02:59:47 GMT

[2020-12-30 02:59:48Z INFO RSAEncryptedFileKeyManager] Loading RSA key parameters from file E:\vscodes\USTC-ncov-AutoReport\actions-runner\.credentials_rsaparams
[2020-12-30 02:59:48Z INFO RSAEncryptedFileKeyManager] Loading RSA key parameters from file E:\vscodes\USTC-ncov-AutoReport\actions-runner\.credentials_rsaparams
[2020-12-30 02:59:48Z INFO GitHubActionsService] AAD Correlation ID for this token request: Unknown
[2020-12-30 02:59:49Z INFO MessageListener] Session created.
[2020-12-30 02:59:49Z INFO Terminal] WRITE LINE: 2020-12-30 02:59:49Z: Listening for Jobs
[2020-12-30 02:59:49Z INFO JobDispatcher] Set runner/worker IPC timeout to 30 seconds.
[2020-12-30 02:59:53Z INFO Terminal] WRITE LINE: Exiting...
[2020-12-30 02:59:53Z INFO ConfigurationStore] IsServiceConfigured()
[2020-12-30 02:59:53Z INFO ConfigurationStore] IsServiceConfigured: False
[2020-12-30 02:59:53Z INFO HostContext] Runner will be shutdown for UserCancelled
[2020-12-30 02:59:53Z WARN GitHubActionsService] GET request to https://pipelines.actions.githubusercontent.com/AAktnS9vKxQ1tJPD85GxdcCjO8bcgeYVtpOvjKGa1hcu7GjNIX/_apis/distributedtask/pools/1/messages?sessionId=04b3b185-79ed-4a0f-b432-d916102006f6 has been cancelled.
[2020-12-30 02:59:53Z INFO MessageListener] Get next message has been cancelled.
[2020-12-30 02:59:53Z INFO JobDispatcher] Shutting down JobDispatcher. Make sure all WorkerDispatcher has finished.
[2020-12-30 02:59:54Z INFO Listener] Runner execution been cancelled.
