[2020-12-30 02:54:23Z INFO HostContext] No proxy settings were found based on environmental variables (http_proxy/https_proxy/HTTP_PROXY/HTTPS_PROXY)
[2020-12-30 02:54:23Z INFO HostContext] Well known directory 'Bin': 'E:\vscodes\USTC-ncov-AutoReport\actions-runner\bin'
[2020-12-30 02:54:23Z INFO HostContext] Well known directory 'Root': 'E:\vscodes\USTC-ncov-AutoReport\actions-runner'
[2020-12-30 02:54:23Z INFO HostContext] Well known config file 'Credentials': 'E:\vscodes\USTC-ncov-AutoReport\actions-runner\.credentials'
[2020-12-30 02:54:23Z INFO Listener] Runner is built for Windows (X64) - win-x64.
[2020-12-30 02:54:23Z INFO Listener] RuntimeInformation: Microsoft Windows 10.0.19041.
[2020-12-30 02:54:23Z INFO Listener] Version: 2.275.1
[2020-12-30 02:54:23Z INFO Listener] Commit: de955418e4e8e0c51546a8495d9236f24edc1321
[2020-12-30 02:54:23Z INFO Listener] Culture: zh-CN
[2020-12-30 02:54:23Z INFO Listener] UI Culture: zh-CN
[2020-12-30 02:54:23Z INFO HostContext] Well known directory 'Bin': 'E:\vscodes\USTC-ncov-AutoReport\actions-runner\bin'
[2020-12-30 02:54:23Z INFO HostContext] Well known directory 'Root': 'E:\vscodes\USTC-ncov-AutoReport\actions-runner'
[2020-12-30 02:54:23Z INFO Listener] Validating directory permissions for: 'E:\vscodes\USTC-ncov-AutoReport\actions-runner'
[2020-12-30 02:54:23Z INFO CommandLineParser] Parse
[2020-12-30 02:54:23Z INFO CommandLineParser] Parsing 5 args
[2020-12-30 02:54:23Z INFO CommandLineParser] parsing argument
[2020-12-30 02:54:23Z INFO CommandLineParser] HasArgs: False
[2020-12-30 02:54:23Z INFO CommandLineParser] Adding Command: configure
[2020-12-30 02:54:23Z INFO CommandLineParser] parsing argument
[2020-12-30 02:54:23Z INFO CommandLineParser] HasArgs: True
[2020-12-30 02:54:23Z INFO CommandLineParser] arg: url
[2020-12-30 02:54:23Z INFO CommandLineParser] parsing argument
[2020-12-30 02:54:23Z INFO CommandLineParser] HasArgs: True
[2020-12-30 02:54:23Z INFO CommandLineParser] Adding option 'url': 'https://github.com/TaoYang-z/USTC-ncov-AutoReport'
[2020-12-30 02:54:23Z INFO CommandLineParser] parsing argument
[2020-12-30 02:54:23Z INFO CommandLineParser] HasArgs: True
[2020-12-30 02:54:23Z INFO CommandLineParser] arg: token
[2020-12-30 02:54:23Z INFO CommandLineParser] parsing argument
[2020-12-30 02:54:23Z INFO CommandLineParser] HasArgs: True
[2020-12-30 02:54:23Z INFO CommandLineParser] Adding option 'token': '***'
[2020-12-30 02:54:23Z INFO Listener] Arguments parsed
[2020-12-30 02:54:23Z INFO Runner] ExecuteCommand
[2020-12-30 02:54:23Z INFO ConfigurationStore] currentAssemblyLocation: E:\vscodes\USTC-ncov-AutoReport\actions-runner\bin\Runner.Listener.dll
[2020-12-30 02:54:23Z INFO HostContext] Well known directory 'Bin': 'E:\vscodes\USTC-ncov-AutoReport\actions-runner\bin'
[2020-12-30 02:54:23Z INFO ConfigurationStore] binPath: E:\vscodes\USTC-ncov-AutoReport\actions-runner\bin
[2020-12-30 02:54:23Z INFO HostContext] Well known directory 'Bin': 'E:\vscodes\USTC-ncov-AutoReport\actions-runner\bin'
[2020-12-30 02:54:23Z INFO HostContext] Well known directory 'Root': 'E:\vscodes\USTC-ncov-AutoReport\actions-runner'
[2020-12-30 02:54:23Z INFO ConfigurationStore] RootFolder: E:\vscodes\USTC-ncov-AutoReport\actions-runner
[2020-12-30 02:54:23Z INFO HostContext] Well known directory 'Bin': 'E:\vscodes\USTC-ncov-AutoReport\actions-runner\bin'
[2020-12-30 02:54:23Z INFO HostContext] Well known directory 'Root': 'E:\vscodes\USTC-ncov-AutoReport\actions-runner'
[2020-12-30 02:54:23Z INFO HostContext] Well known config file 'Runner': 'E:\vscodes\USTC-ncov-AutoReport\actions-runner\.runner'
[2020-12-30 02:54:23Z INFO ConfigurationStore] ConfigFilePath: E:\vscodes\USTC-ncov-AutoReport\actions-runner\.runner
[2020-12-30 02:54:23Z INFO HostContext] Well known directory 'Bin': 'E:\vscodes\USTC-ncov-AutoReport\actions-runner\bin'
[2020-12-30 02:54:23Z INFO HostContext] Well known directory 'Root': 'E:\vscodes\USTC-ncov-AutoReport\actions-runner'
[2020-12-30 02:54:23Z INFO HostContext] Well known config file 'Credentials': 'E:\vscodes\USTC-ncov-AutoReport\actions-runner\.credentials'
[2020-12-30 02:54:23Z INFO ConfigurationStore] CredFilePath: E:\vscodes\USTC-ncov-AutoReport\actions-runner\.credentials
[2020-12-30 02:54:23Z INFO HostContext] Well known directory 'Bin': 'E:\vscodes\USTC-ncov-AutoReport\actions-runner\bin'
[2020-12-30 02:54:23Z INFO HostContext] Well known directory 'Root': 'E:\vscodes\USTC-ncov-AutoReport\actions-runner'
[2020-12-30 02:54:23Z INFO HostContext] Well known config file 'MigratedCredentials': 'E:\vscodes\USTC-ncov-AutoReport\actions-runner\.credentials_migrated'
[2020-12-30 02:54:23Z INFO ConfigurationStore] MigratedCredFilePath: E:\vscodes\USTC-ncov-AutoReport\actions-runner\.credentials_migrated
[2020-12-30 02:54:23Z INFO HostContext] Well known directory 'Bin': 'E:\vscodes\USTC-ncov-AutoReport\actions-runner\bin'
[2020-12-30 02:54:23Z INFO HostContext] Well known directory 'Root': 'E:\vscodes\USTC-ncov-AutoReport\actions-runner'
[2020-12-30 02:54:23Z INFO HostContext] Well known config file 'Service': 'E:\vscodes\USTC-ncov-AutoReport\actions-runner\.service'
[2020-12-30 02:54:23Z INFO ConfigurationStore] ServiceConfigFilePath: E:\vscodes\USTC-ncov-AutoReport\actions-runner\.service
[2020-12-30 02:54:23Z INFO CommandSettings] Flag 'help': 'False'
[2020-12-30 02:54:23Z INFO CommandSettings] Flag 'version': 'False'
[2020-12-30 02:54:23Z INFO CommandSettings] Flag 'commit': 'False'
[2020-12-30 02:54:23Z INFO CommandSettings] Command 'configure': 'True'
[2020-12-30 02:54:23Z INFO Terminal] WRITE LINE: 
[2020-12-30 02:54:23Z INFO Terminal] WRITE LINE: --------------------------------------------------------------------------------
[2020-12-30 02:54:23Z INFO Terminal] WRITE LINE: |        ____ _ _   _   _       _          _        _   _                      |
[2020-12-30 02:54:23Z INFO Terminal] WRITE LINE: |       / ___(_) |_| | | |_   _| |__      / \   ___| |_(_) ___  _ __  ___      |
[2020-12-30 02:54:23Z INFO Terminal] WRITE LINE: |      | |  _| | __| |_| | | | | '_ \    / _ \ / __| __| |/ _ \| '_ \/ __|     |
[2020-12-30 02:54:23Z INFO Terminal] WRITE LINE: |      | |_| | | |_|  _  | |_| | |_) |  / ___ \ (__| |_| | (_) | | | \__ \     |
[2020-12-30 02:54:23Z INFO Terminal] WRITE LINE: |       \____|_|\__|_| |_|\__,_|_.__/  /_/   \_\___|\__|_|\___/|_| |_|___/     |
[2020-12-30 02:54:23Z INFO Terminal] WRITE LINE: |                                                                              |
[2020-12-30 02:54:23Z INFO Terminal] WRITE: |                       
[2020-12-30 02:54:23Z INFO Terminal] WRITE: Self-hosted runner registration
[2020-12-30 02:54:23Z INFO Terminal] WRITE LINE:                         |
[2020-12-30 02:54:23Z INFO Terminal] WRITE LINE: |                                                                              |
[2020-12-30 02:54:23Z INFO Terminal] WRITE LINE: --------------------------------------------------------------------------------
[2020-12-30 02:54:23Z INFO ConfigurationManager] ConfigureAsync
[2020-12-30 02:54:23Z INFO ConfigurationStore] IsConfigured()
[2020-12-30 02:54:23Z INFO ConfigurationStore] IsConfigured: False
[2020-12-30 02:54:23Z INFO ConfigurationManager] Is configured: False
[2020-12-30 02:54:23Z INFO CommandSettings] Arg 'url': 'https://github.com/TaoYang-z/USTC-ncov-AutoReport'
[2020-12-30 02:54:23Z INFO CommandSettings] Remove url from Arg dictionary.
[2020-12-30 02:54:23Z INFO CommandSettings] Arg 'token': '***'
[2020-12-30 02:54:23Z INFO CommandSettings] Remove token from Arg dictionary.
[2020-12-30 02:54:24Z INFO ConfigurationManager] Http response code: OK from 'POST https://api.github.com/actions/runner-registration'
[2020-12-30 02:54:24Z INFO ConfigurationManager] cred retrieved via GitHub auth
[2020-12-30 02:54:24Z INFO RunnerServer] Establish connection with 100 seconds timeout.
[2020-12-30 02:54:24Z INFO GitHubActionsService] Starting operation Location.GetConnectionData
[2020-12-30 02:54:24Z INFO RunnerServer] Establish connection with 60 seconds timeout.
[2020-12-30 02:54:24Z INFO GitHubActionsService] Starting operation Location.GetConnectionData
[2020-12-30 02:54:24Z INFO RunnerServer] Establish connection with 60 seconds timeout.
[2020-12-30 02:54:24Z INFO GitHubActionsService] Starting operation Location.GetConnectionData
[2020-12-30 02:54:27Z INFO GitHubActionsService] Finished operation Location.GetConnectionData
[2020-12-30 02:54:27Z INFO GitHubActionsService] Finished operation Location.GetConnectionData
[2020-12-30 02:54:27Z INFO GitHubActionsService] Finished operation Location.GetConnectionData
[2020-12-30 02:54:27Z INFO Terminal] WRITE LINE: 
[2020-12-30 02:54:27Z INFO ConfigurationManager] Test Connection complete.
[2020-12-30 02:54:27Z INFO HostContext] Well known directory 'Bin': 'E:\vscodes\USTC-ncov-AutoReport\actions-runner\bin'
[2020-12-30 02:54:27Z INFO HostContext] Well known directory 'Root': 'E:\vscodes\USTC-ncov-AutoReport\actions-runner'
[2020-12-30 02:54:27Z INFO HostContext] Well known config file 'RSACredentials': 'E:\vscodes\USTC-ncov-AutoReport\actions-runner\.credentials_rsaparams'
[2020-12-30 02:54:27Z INFO RSAEncryptedFileKeyManager] Creating new RSA key using 2048-bit key length
[2020-12-30 02:54:27Z INFO RSAEncryptedFileKeyManager] Successfully saved RSA key parameters to file E:\vscodes\USTC-ncov-AutoReport\actions-runner\.credentials_rsaparams
[2020-12-30 02:54:27Z INFO ConfigurationManager] Found a self-hosted runner group with id {1} and name {2} 1, Default
[2020-12-30 02:54:27Z INFO CommandSettings] Arg 'name': ''
[2020-12-30 02:54:27Z INFO CommandSettings] Flag 'unattended': 'False'
[2020-12-30 02:54:27Z INFO PromptManager] ReadValue
[2020-12-30 02:54:27Z INFO Terminal] WRITE: Enter the name of runner: 
[2020-12-30 02:54:27Z INFO Terminal] WRITE: [press Enter for LAPTOP-YT] 
[2020-12-30 02:54:27Z INFO Terminal] READ LINE
[2020-12-30 02:54:42Z INFO Terminal] Read value: ''
[2020-12-30 02:54:42Z INFO PromptManager] Falling back to the default: 'LAPTOP-YT'
[2020-12-30 02:54:42Z INFO Terminal] WRITE LINE: 
[2020-12-30 02:54:42Z INFO CommandSettings] Arg 'labels': ''
[2020-12-30 02:54:42Z INFO CommandSettings] Flag 'unattended': 'False'
[2020-12-30 02:54:42Z INFO PromptManager] ReadValue
[2020-12-30 02:54:42Z INFO Terminal] WRITE: This runner will have the following labels: 'self-hosted', 'Windows', 'X64' 
Enter any additional labels (ex. label-1,label-2): 
[2020-12-30 02:54:42Z INFO Terminal] WRITE: [press Enter to skip] 
[2020-12-30 02:54:42Z INFO Terminal] READ LINE
[2020-12-30 02:54:49Z INFO Terminal] Read value: ''
[2020-12-30 02:54:49Z INFO Terminal] WRITE LINE: 
[2020-12-30 02:54:49Z INFO ConfigurationStore] Saving OAuth credential @ E:\vscodes\USTC-ncov-AutoReport\actions-runner\.credentials
[2020-12-30 02:54:49Z INFO ConfigurationStore] Credentials Saved.
[2020-12-30 02:54:49Z INFO ConfigurationStore] HasCredentials()
[2020-12-30 02:54:49Z INFO ConfigurationStore] stored True
[2020-12-30 02:54:49Z INFO CredentialManager] GetCredentialProvider
[2020-12-30 02:54:49Z INFO CredentialManager] Creating type OAuth
[2020-12-30 02:54:49Z INFO CredentialManager] Creating credential type: OAuth
[2020-12-30 02:54:49Z INFO RSAEncryptedFileKeyManager] Loading RSA key parameters from file E:\vscodes\USTC-ncov-AutoReport\actions-runner\.credentials_rsaparams
[2020-12-30 02:54:49Z INFO RunnerServer] Establish connection with 100 seconds timeout.
[2020-12-30 02:54:49Z INFO GitHubActionsService] Starting operation Location.GetConnectionData
[2020-12-30 02:54:49Z INFO RunnerServer] Establish connection with 60 seconds timeout.
[2020-12-30 02:54:49Z INFO GitHubActionsService] Starting operation Location.GetConnectionData
[2020-12-30 02:54:49Z INFO RunnerServer] Establish connection with 60 seconds timeout.
[2020-12-30 02:54:49Z INFO GitHubActionsService] Starting operation Location.GetConnectionData
[2020-12-30 02:54:50Z INFO GitHubActionsService] Finished operation Location.GetConnectionData
[2020-12-30 02:54:50Z INFO GitHubActionsService] Finished operation Location.GetConnectionData
[2020-12-30 02:54:50Z INFO GitHubActionsService] Finished operation Location.GetConnectionData
[2020-12-30 02:54:50Z INFO GitHubActionsService] Starting operation Location.GetConnectionData
[2020-12-30 02:54:51Z INFO GitHubActionsService] Finished operation Location.GetConnectionData
[2020-12-30 02:54:51Z WARN GitHubActionsService] Authentication failed with status code 401.
WWW-Authenticate: Bearer
Strict-Transport-Security: max-age=2592000
X-TFS-ProcessId: d416a43a-5251-44d4-930a-dcf1500dd958
ActivityId: dcee55a5-c851-4fcd-83fe-a6ef18d0adff
X-TFS-Session: fbe40a83-418e-4c12-bcf9-48ce3f2ad6f3
X-VSS-E2EID: d11ba7c4-0e06-4ea6-bf11-2c9c88079ca6
X-VSS-SenderDeploymentId: 13a19993-c6bc-326c-afb4-32c5519f46f0
X-TFS-ServiceError: The+user+%27System%3aPublicAccess%3baaaaaaaa-aaaa-aaaa-aaaa-aaaaaaaaaaaa%27+is+not+authorized+to+access+this+resource.
X-VSS-S2STargetService: 0000005A-0000-8888-8000-000000000000/visualstudio.com
X-MSEdge-Ref: Ref A: 256A7098F11648A39CC5B697C86FAE31 Ref B: HKBEDGE0409 Ref C: 2020-12-30T02:54:51Z
Date: Wed, 30 Dec 2020 02:54:51 GMT

[2020-12-30 02:54:51Z INFO RSAEncryptedFileKeyManager] Loading RSA key parameters from file E:\vscodes\USTC-ncov-AutoReport\actions-runner\.credentials_rsaparams
[2020-12-30 02:54:51Z INFO RSAEncryptedFileKeyManager] Loading RSA key parameters from file E:\vscodes\USTC-ncov-AutoReport\actions-runner\.credentials_rsaparams
[2020-12-30 02:54:52Z INFO GitHubActionsService] AAD Correlation ID for this token request: Unknown
[2020-12-30 02:54:52Z INFO CommandSettings] Arg 'work': ''
[2020-12-30 02:54:52Z INFO CommandSettings] Flag 'unattended': 'False'
[2020-12-30 02:54:52Z INFO PromptManager] ReadValue
[2020-12-30 02:54:52Z INFO Terminal] WRITE: Enter name of work folder: 
[2020-12-30 02:54:52Z INFO Terminal] WRITE: [press Enter for _work] 
[2020-12-30 02:54:52Z INFO Terminal] READ LINE
[2020-12-30 02:54:59Z INFO Terminal] Read value: ''
[2020-12-30 02:54:59Z INFO PromptManager] Falling back to the default: '_work'
[2020-12-30 02:54:59Z INFO ConfigurationStore] Saving runner settings.
[2020-12-30 02:54:59Z INFO ConfigurationStore] Settings Saved.
[2020-12-30 02:54:59Z INFO Terminal] WRITE LINE: 
[2020-12-30 02:54:59Z INFO Terminal] WRITE LINE: 
[2020-12-30 02:54:59Z INFO CommandSettings] Flag 'runasservice': 'False'
[2020-12-30 02:54:59Z INFO CommandSettings] Flag 'unattended': 'False'
[2020-12-30 02:54:59Z INFO PromptManager] ReadValue
[2020-12-30 02:54:59Z INFO Terminal] WRITE: Would you like to run the runner as service? (Y/N) 
[2020-12-30 02:54:59Z INFO Terminal] WRITE: [press Enter for N] 
[2020-12-30 02:54:59Z INFO Terminal] READ LINE
[2020-12-30 02:55:11Z INFO Terminal] Read value: 'Y'
[2020-12-30 02:55:11Z INFO ConfigurationManager] Configuring to run the agent as service
[2020-12-30 02:55:11Z ERR  WindowsServiceControlManager] Needs Administrator privileges for configure runner as windows service.
[2020-12-30 02:55:11Z ERR  Runner] System.Security.SecurityException: Needs Administrator privileges for configuring runner as windows service.
   at GitHub.Runner.Listener.Configuration.WindowsServiceControlManager.ConfigureService(RunnerSettings settings, CommandSettings command)
   at GitHub.Runner.Listener.Configuration.ConfigurationManager.ConfigureAsync(CommandSettings command)
   at GitHub.Runner.Listener.Runner.ExecuteCommand(CommandSettings command)
[2020-12-30 02:55:11Z ERR  Terminal] WRITE ERROR: Needs Administrator privileges for configuring runner as windows service.
[2020-12-30 02:55:11Z INFO Listener] Runner execution has finished with return code 1
